[debug] [2019-11-06T18:27:41.982Z] ----------------------------------------------------------------------
[debug] [2019-11-06T18:27:41.984Z] Command:       C:\Program Files\nodejs\node.exe C:\Program Files\nodejs\node_modules\firebase-tools\lib\bin\firebase.js serve --only functions
[debug] [2019-11-06T18:27:41.984Z] CLI Version:   7.5.0
[debug] [2019-11-06T18:27:41.984Z] Platform:      win32
[debug] [2019-11-06T18:27:41.984Z] Node Version:  v10.16.0
[debug] [2019-11-06T18:27:41.985Z] Time:          Wed Nov 06 2019 11:27:41 GMT-0700 (Mountain Standard Time)
[debug] [2019-11-06T18:27:41.985Z] ----------------------------------------------------------------------
[debug] 
[debug] [2019-11-06T18:27:41.990Z] > command requires scopes: ["email","openid","https://www.googleapis.com/auth/cloudplatformprojects.readonly","https://www.googleapis.com/auth/firebase","https://www.googleapis.com/auth/cloud-platform"]
[debug] [2019-11-06T18:27:41.991Z] > authorizing via signed-in user
[debug] [2019-11-06T18:27:41.991Z] [iam] checking project geo-test-c92e4 for permissions ["firebase.projects.get"]
[debug] [2019-11-06T18:27:41.992Z] >>> HTTP REQUEST POST https://cloudresourcemanager.googleapis.com/v1/projects/geo-test-c92e4:testIamPermissions  

[debug] [2019-11-06T18:27:42.343Z] <<< HTTP RESPONSE 200
[debug] [2019-11-06T18:27:42.344Z] >>> HTTP REQUEST GET https://firebase.googleapis.com/v1beta1/projects/geo-test-c92e4  
 
[debug] [2019-11-06T18:27:42.582Z] <<< HTTP RESPONSE 200
[warn] !  Your functions directory does not specify a Node version.
   - Learn more at https://firebase.google.com/docs/functions/manage-functions#set_runtime_options
[info] +  functions: Emulator started at http://localhost:5000
[info] i  functions: Watching "C:\Users\jeffd23\apps\geofirex\integration\functions" for Cloud Functions...
[debug] [2019-11-06T18:27:45.388Z] [runtime-status] Functions runtime initialized. {"cwd":"C:\\Users\\jeffd23\\apps\\geofirex\\integration\\functions","node_version":"10.16.0"}
[debug] [2019-11-06T18:27:45.388Z] [runtime-status] Disabled runtime features: {"functions_config_helper":true,"network_filtering":true,"timeout":true,"memory_limiting":true,"admin_stubs":true} {}
[debug] [2019-11-06T18:27:45.390Z] [runtime-status] Resolved module firebase-admin {"declared":true,"installed":true,"version":"8.7.0","resolution":"C:\\Users\\jeffd23\\apps\\geofirex\\integration\\functions\\node_modules\\firebase-admin\\lib\\index.js"}
[debug] [2019-11-06T18:27:45.391Z] [runtime-status] Resolved module firebase-functions {"declared":true,"installed":true,"version":"3.3.0","resolution":"C:\\Users\\jeffd23\\apps\\geofirex\\integration\\functions\\node_modules\\firebase-functions\\lib\\index.js"}
[debug] [2019-11-06T18:27:45.391Z] [runtime-status] Resolved module firebase-functions {"declared":true,"installed":true,"version":"3.3.0","resolution":"C:\\Users\\jeffd23\\apps\\geofirex\\integration\\functions\\node_modules\\firebase-functions\\lib\\index.js"}
[info] >  GeoFireClient {
[info] >    app:
[info] >     FirebaseNamespace {
[info] >       __esModule: true,
[info] >       credential:
[info] >        { cert: [Function: cert],
[info] >          refreshToken: [Function: refreshToken],
[info] >          applicationDefault: [Function: applicationDefault] },
[info] >       SDK_VERSION: '8.7.0',
[info] >       Promise: [Function: Promise],
[info] >       INTERNAL:
[info] >        FirebaseNamespaceInternals {
[info] >          firebase_: [Circular],
[info] >          serviceFactories: {},
[info] >          apps_: [Object],
[info] >          appHooks_: {} },
[info] >       default: [Circular] } }
[info] +  functions[testFun]: http function initialized (http://localhost:5000/geo-test-c92e4/us-central1/testFun).
[debug] [2019-11-06T18:28:07.022Z] Accepted request GET /geo-test-c92e4/us-central1/testFun --> testFun
[debug] [2019-11-06T18:28:07.289Z] [runtime-status] Functions runtime initialized. {"cwd":"C:\\Users\\jeffd23\\apps\\geofirex\\integration\\functions","node_version":"10.16.0"}
[info] i  functions: Beginning execution of "testFun"
[debug] [2019-11-06T18:28:07.290Z] [runtime-status] Disabled runtime features: {"functions_config_helper":true,"network_filtering":true,"timeout":true,"memory_limiting":true,"admin_stubs":true} {}
[debug] [2019-11-06T18:28:07.292Z] [runtime-status] Resolved module firebase-admin {"declared":true,"installed":true,"version":"8.7.0","resolution":"C:\\Users\\jeffd23\\apps\\geofirex\\integration\\functions\\node_modules\\firebase-admin\\lib\\index.js"}
[debug] [2019-11-06T18:28:07.293Z] [runtime-status] Resolved module firebase-functions {"declared":true,"installed":true,"version":"3.3.0","resolution":"C:\\Users\\jeffd23\\apps\\geofirex\\integration\\functions\\node_modules\\firebase-functions\\lib\\index.js"}
[debug] [2019-11-06T18:28:07.294Z] [runtime-status] Resolved module firebase-functions {"declared":true,"installed":true,"version":"3.3.0","resolution":"C:\\Users\\jeffd23\\apps\\geofirex\\integration\\functions\\node_modules\\firebase-functions\\lib\\index.js"}
[info] >  GeoFireClient {
[info] >    app:
[info] >     FirebaseNamespace {
[info] >       __esModule: true,
[info] >       credential:
[info] >        { cert: [Function: cert],
[info] >          refreshToken: [Function: refreshToken],
[info] >          applicationDefault: [Function: applicationDefault] },
[info] >       SDK_VERSION: '8.7.0',
[info] >       Promise: [Function: Promise],
[info] >       INTERNAL:
[info] >        FirebaseNamespaceInternals {
[info] >          firebase_: [Circular],
[info] >          serviceFactories: {},
[info] >          apps_: [Object],
[info] >          appHooks_: {} },
[info] >       default: [Circular] } }
[debug] [2019-11-06T18:28:07.500Z] [runtime-status] Trigger "testFun" has been found, beginning invocation! {}
[debug] [2019-11-06T18:28:07.500Z] [runtime-status]  {"httpsTrigger":{},"name":"testFun","entryPoint":"testFun"}
[debug] [2019-11-06T18:28:07.500Z] [runtime-status] Running testFun in mode HTTPS {}
[debug] [2019-11-06T18:28:07.505Z] {"socketPath":"\\\\?\\pipe\\C:\\Users\\jeffd23\\apps\\geofirex\\integration\\functions\\35900"}
[debug] [2019-11-06T18:28:07.506Z] [functions] Runtime ready! Sending request! {"socketPath":"\\\\?\\pipe\\C:\\Users\\jeffd23\\apps\\geofirex\\integration\\functions\\35900"}
[debug] [2019-11-06T18:28:07.511Z] [runtime-status] Ephemeral server used! {}
[info] >  [object Object]
[debug] [2019-11-06T18:28:07.562Z] [runtime-status] Ephemeral server survived. {}
[info] i  functions: Finished "testFun" in ~2s
[debug] [2019-11-06T18:31:46.125Z] File C:\Users\jeffd23\apps\geofirex\integration\functions\index.js changed, reloading triggers
[debug] [2019-11-06T18:31:47.443Z] [runtime-status] Functions runtime initialized. {"cwd":"C:\\Users\\jeffd23\\apps\\geofirex\\integration\\functions","node_version":"10.16.0"}
[debug] [2019-11-06T18:31:47.443Z] [runtime-status] Disabled runtime features: {"functions_config_helper":true,"network_filtering":true,"timeout":true,"memory_limiting":true,"admin_stubs":true} {}
[debug] [2019-11-06T18:31:47.446Z] [runtime-status] Resolved module firebase-admin {"declared":true,"installed":true,"version":"8.7.0","resolution":"C:\\Users\\jeffd23\\apps\\geofirex\\integration\\functions\\node_modules\\firebase-admin\\lib\\index.js"}
[debug] [2019-11-06T18:31:47.448Z] [runtime-status] Resolved module firebase-functions {"declared":true,"installed":true,"version":"3.3.0","resolution":"C:\\Users\\jeffd23\\apps\\geofirex\\integration\\functions\\node_modules\\firebase-functions\\lib\\index.js"}
[debug] [2019-11-06T18:31:47.449Z] [runtime-status] Resolved module firebase-functions {"declared":true,"installed":true,"version":"3.3.0","resolution":"C:\\Users\\jeffd23\\apps\\geofirex\\integration\\functions\\node_modules\\firebase-functions\\lib\\index.js"}
[info] >  GeoFireClient {
[info] >    app:
[info] >     FirebaseNamespace {
[info] >       __esModule: true,
[info] >       credential:
[info] >        { cert: [Function: cert],
[info] >          refreshToken: [Function: refreshToken],
[info] >          applicationDefault: [Function: applicationDefault] },
[info] >       SDK_VERSION: '8.7.0',
[info] >       Promise: [Function: Promise],
[info] >       INTERNAL:
[info] >        FirebaseNamespaceInternals {
[info] >          firebase_: [Circular],
[info] >          serviceFactories: {},
[info] >          apps_: [Object],
[info] >          appHooks_: {} },
[info] >       default: [Circular] } }
[debug] [2019-11-06T18:31:53.047Z] Accepted request GET /geo-test-c92e4/us-central1/testFun --> testFun
[debug] [2019-11-06T18:31:53.324Z] [runtime-status] Functions runtime initialized. {"cwd":"C:\\Users\\jeffd23\\apps\\geofirex\\integration\\functions","node_version":"10.16.0"}
[info] i  functions: Beginning execution of "testFun"
[debug] [2019-11-06T18:31:53.325Z] [runtime-status] Disabled runtime features: {"functions_config_helper":true,"network_filtering":true,"timeout":true,"memory_limiting":true,"admin_stubs":true} {}
[debug] [2019-11-06T18:31:53.327Z] [runtime-status] Resolved module firebase-admin {"declared":true,"installed":true,"version":"8.7.0","resolution":"C:\\Users\\jeffd23\\apps\\geofirex\\integration\\functions\\node_modules\\firebase-admin\\lib\\index.js"}
[debug] [2019-11-06T18:31:53.328Z] [runtime-status] Resolved module firebase-functions {"declared":true,"installed":true,"version":"3.3.0","resolution":"C:\\Users\\jeffd23\\apps\\geofirex\\integration\\functions\\node_modules\\firebase-functions\\lib\\index.js"}
[debug] [2019-11-06T18:31:53.329Z] [runtime-status] Resolved module firebase-functions {"declared":true,"installed":true,"version":"3.3.0","resolution":"C:\\Users\\jeffd23\\apps\\geofirex\\integration\\functions\\node_modules\\firebase-functions\\lib\\index.js"}
[info] >  GeoFireClient {
[info] >    app:
[info] >     FirebaseNamespace {
[info] >       __esModule: true,
[info] >       credential:
[info] >        { cert: [Function: cert],
[info] >          refreshToken: [Function: refreshToken],
[info] >          applicationDefault: [Function: applicationDefault] },
[info] >       SDK_VERSION: '8.7.0',
[info] >       Promise: [Function: Promise],
[info] >       INTERNAL:
[info] >        FirebaseNamespaceInternals {
[info] >          firebase_: [Circular],
[info] >          serviceFactories: {},
[info] >          apps_: [Object],
[info] >          appHooks_: {} },
[info] >       default: [Circular] } }
[debug] [2019-11-06T18:31:53.526Z] [runtime-status] Trigger "testFun" has been found, beginning invocation! {}
[debug] [2019-11-06T18:31:53.526Z] [runtime-status]  {"httpsTrigger":{},"name":"testFun","entryPoint":"testFun"}
[debug] [2019-11-06T18:31:53.526Z] [runtime-status] Running testFun in mode HTTPS {}
[debug] [2019-11-06T18:31:53.531Z] {"socketPath":"\\\\?\\pipe\\C:\\Users\\jeffd23\\apps\\geofirex\\integration\\functions\\23812"}
[debug] [2019-11-06T18:31:53.532Z] [functions] Runtime ready! Sending request! {"socketPath":"\\\\?\\pipe\\C:\\Users\\jeffd23\\apps\\geofirex\\integration\\functions\\23812"}
[debug] [2019-11-06T18:31:53.536Z] [runtime-status] Ephemeral server used! {}
[info] >  [object Object]
[debug] [2019-11-06T18:31:53.538Z] [runtime-status] Ephemeral server survived. {}
[warn] !  functions: ReferenceError: gfx is not defined
    at exports.testFun.functions.https.onRequest (C:\Users\jeffd23\apps\geofirex\integration\functions\index.js:15:17)
    at Run (C:\Users\jeffd23\AppData\Roaming\nvm\v10.16.0\node_modules\firebase-tools\lib\emulator\functionsEmulatorRuntime.js:608:20)
    at C:\Users\jeffd23\AppData\Roaming\nvm\v10.16.0\node_modules\firebase-tools\lib\emulator\functionsEmulatorRuntime.js:582:19
    at Generator.next (<anonymous>)
    at C:\Users\jeffd23\AppData\Roaming\nvm\v10.16.0\node_modules\firebase-tools\lib\emulator\functionsEmulatorRuntime.js:7:71
    at new Promise (<anonymous>)
    at __awaiter (C:\Users\jeffd23\AppData\Roaming\nvm\v10.16.0\node_modules\firebase-tools\lib\emulator\functionsEmulatorRuntime.js:3:12)
    at Run (C:\Users\jeffd23\AppData\Roaming\nvm\v10.16.0\node_modules\firebase-tools\lib\emulator\functionsEmulatorRuntime.js:575:12)
    at C:\Users\jeffd23\AppData\Roaming\nvm\v10.16.0\node_modules\firebase-tools\lib\emulator\functionsEmulatorRuntime.js:607:15
    at Generator.next (<anonymous>)
[warn] !  Your function was killed because it raised an unhandled error.
[debug] [2019-11-06T18:32:04.346Z] File C:\Users\jeffd23\apps\geofirex\integration\functions\index.js changed, reloading triggers
[debug] [2019-11-06T18:32:05.638Z] [runtime-status] Functions runtime initialized. {"cwd":"C:\\Users\\jeffd23\\apps\\geofirex\\integration\\functions","node_version":"10.16.0"}
[debug] [2019-11-06T18:32:05.638Z] [runtime-status] Disabled runtime features: {"functions_config_helper":true,"network_filtering":true,"timeout":true,"memory_limiting":true,"admin_stubs":true} {}
[debug] [2019-11-06T18:32:05.641Z] [runtime-status] Resolved module firebase-admin {"declared":true,"installed":true,"version":"8.7.0","resolution":"C:\\Users\\jeffd23\\apps\\geofirex\\integration\\functions\\node_modules\\firebase-admin\\lib\\index.js"}
[debug] [2019-11-06T18:32:05.643Z] [runtime-status] Resolved module firebase-functions {"declared":true,"installed":true,"version":"3.3.0","resolution":"C:\\Users\\jeffd23\\apps\\geofirex\\integration\\functions\\node_modules\\firebase-functions\\lib\\index.js"}
[debug] [2019-11-06T18:32:05.643Z] [runtime-status] Resolved module firebase-functions {"declared":true,"installed":true,"version":"3.3.0","resolution":"C:\\Users\\jeffd23\\apps\\geofirex\\integration\\functions\\node_modules\\firebase-functions\\lib\\index.js"}
[info] >  GeoFireClient {
[info] >    app:
[info] >     FirebaseNamespace {
[info] >       __esModule: true,
[info] >       credential:
[info] >        { cert: [Function: cert],
[info] >          refreshToken: [Function: refreshToken],
[info] >          applicationDefault: [Function: applicationDefault] },
[info] >       SDK_VERSION: '8.7.0',
[info] >       Promise: [Function: Promise],
[info] >       INTERNAL:
[info] >        FirebaseNamespaceInternals {
[info] >          firebase_: [Circular],
[info] >          serviceFactories: {},
[info] >          apps_: [Object],
[info] >          appHooks_: {} },
[info] >       default: [Circular] } }
[debug] [2019-11-06T18:32:08.225Z] Accepted request GET /geo-test-c92e4/us-central1/testFun --> testFun
[debug] [2019-11-06T18:32:08.502Z] [runtime-status] Functions runtime initialized. {"cwd":"C:\\Users\\jeffd23\\apps\\geofirex\\integration\\functions","node_version":"10.16.0"}
[info] i  functions: Beginning execution of "testFun"
[debug] [2019-11-06T18:32:08.503Z] [runtime-status] Disabled runtime features: {"functions_config_helper":true,"network_filtering":true,"timeout":true,"memory_limiting":true,"admin_stubs":true} {}
[debug] [2019-11-06T18:32:08.505Z] [runtime-status] Resolved module firebase-admin {"declared":true,"installed":true,"version":"8.7.0","resolution":"C:\\Users\\jeffd23\\apps\\geofirex\\integration\\functions\\node_modules\\firebase-admin\\lib\\index.js"}
[debug] [2019-11-06T18:32:08.506Z] [runtime-status] Resolved module firebase-functions {"declared":true,"installed":true,"version":"3.3.0","resolution":"C:\\Users\\jeffd23\\apps\\geofirex\\integration\\functions\\node_modules\\firebase-functions\\lib\\index.js"}
[debug] [2019-11-06T18:32:08.506Z] [runtime-status] Resolved module firebase-functions {"declared":true,"installed":true,"version":"3.3.0","resolution":"C:\\Users\\jeffd23\\apps\\geofirex\\integration\\functions\\node_modules\\firebase-functions\\lib\\index.js"}
[info] >  GeoFireClient {
[info] >    app:
[info] >     FirebaseNamespace {
[info] >       __esModule: true,
[info] >       credential:
[info] >        { cert: [Function: cert],
[info] >          refreshToken: [Function: refreshToken],
[info] >          applicationDefault: [Function: applicationDefault] },
[info] >       SDK_VERSION: '8.7.0',
[info] >       Promise: [Function: Promise],
[info] >       INTERNAL:
[info] >        FirebaseNamespaceInternals {
[info] >          firebase_: [Circular],
[info] >          serviceFactories: {},
[info] >          apps_: [Object],
[info] >          appHooks_: {} },
[info] >       default: [Circular] } }
[debug] [2019-11-06T18:32:08.701Z] [runtime-status] Trigger "testFun" has been found, beginning invocation! {}
[debug] [2019-11-06T18:32:08.701Z] [runtime-status]  {"httpsTrigger":{},"name":"testFun","entryPoint":"testFun"}
[debug] [2019-11-06T18:32:08.701Z] [runtime-status] Running testFun in mode HTTPS {}
[debug] [2019-11-06T18:32:08.706Z] {"socketPath":"\\\\?\\pipe\\C:\\Users\\jeffd23\\apps\\geofirex\\integration\\functions\\34680"}
[debug] [2019-11-06T18:32:08.706Z] [functions] Runtime ready! Sending request! {"socketPath":"\\\\?\\pipe\\C:\\Users\\jeffd23\\apps\\geofirex\\integration\\functions\\34680"}
[debug] [2019-11-06T18:32:08.710Z] [runtime-status] Ephemeral server used! {}
[info] >  [object Object]
[debug] [2019-11-06T18:32:08.753Z] [runtime-status] Ephemeral server survived. {}
[warn] !  functions: ReferenceError: center is not defined
    at exports.testFun.functions.https.onRequest (C:\Users\jeffd23\apps\geofirex\integration\functions\index.js:17:30)
    at Run (C:\Users\jeffd23\AppData\Roaming\nvm\v10.16.0\node_modules\firebase-tools\lib\emulator\functionsEmulatorRuntime.js:608:20)
    at C:\Users\jeffd23\AppData\Roaming\nvm\v10.16.0\node_modules\firebase-tools\lib\emulator\functionsEmulatorRuntime.js:582:19
    at Generator.next (<anonymous>)
    at C:\Users\jeffd23\AppData\Roaming\nvm\v10.16.0\node_modules\firebase-tools\lib\emulator\functionsEmulatorRuntime.js:7:71
    at new Promise (<anonymous>)
    at __awaiter (C:\Users\jeffd23\AppData\Roaming\nvm\v10.16.0\node_modules\firebase-tools\lib\emulator\functionsEmulatorRuntime.js:3:12)
    at Run (C:\Users\jeffd23\AppData\Roaming\nvm\v10.16.0\node_modules\firebase-tools\lib\emulator\functionsEmulatorRuntime.js:575:12)
    at C:\Users\jeffd23\AppData\Roaming\nvm\v10.16.0\node_modules\firebase-tools\lib\emulator\functionsEmulatorRuntime.js:607:15
    at Generator.next (<anonymous>)
[warn] !  Your function was killed because it raised an unhandled error.
[debug] [2019-11-06T18:32:18.415Z] File C:\Users\jeffd23\apps\geofirex\integration\functions\index.js changed, reloading triggers
[debug] [2019-11-06T18:32:19.697Z] [runtime-status] Functions runtime initialized. {"cwd":"C:\\Users\\jeffd23\\apps\\geofirex\\integration\\functions","node_version":"10.16.0"}
[debug] [2019-11-06T18:32:19.697Z] [runtime-status] Disabled runtime features: {"functions_config_helper":true,"network_filtering":true,"timeout":true,"memory_limiting":true,"admin_stubs":true} {}
[debug] [2019-11-06T18:32:19.699Z] [runtime-status] Resolved module firebase-admin {"declared":true,"installed":true,"version":"8.7.0","resolution":"C:\\Users\\jeffd23\\apps\\geofirex\\integration\\functions\\node_modules\\firebase-admin\\lib\\index.js"}
[debug] [2019-11-06T18:32:19.700Z] [runtime-status] Resolved module firebase-functions {"declared":true,"installed":true,"version":"3.3.0","resolution":"C:\\Users\\jeffd23\\apps\\geofirex\\integration\\functions\\node_modules\\firebase-functions\\lib\\index.js"}
[debug] [2019-11-06T18:32:19.701Z] [runtime-status] Resolved module firebase-functions {"declared":true,"installed":true,"version":"3.3.0","resolution":"C:\\Users\\jeffd23\\apps\\geofirex\\integration\\functions\\node_modules\\firebase-functions\\lib\\index.js"}
[info] >  GeoFireClient {
[info] >    app:
[info] >     FirebaseNamespace {
[info] >       __esModule: true,
[info] >       credential:
[info] >        { cert: [Function: cert],
[info] >          refreshToken: [Function: refreshToken],
[info] >          applicationDefault: [Function: applicationDefault] },
[info] >       SDK_VERSION: '8.7.0',
[info] >       Promise: [Function: Promise],
[info] >       INTERNAL:
[info] >        FirebaseNamespaceInternals {
[info] >          firebase_: [Circular],
[info] >          serviceFactories: {},
[info] >          apps_: [Object],
[info] >          appHooks_: {} },
[info] >       default: [Circular] } }
[debug] [2019-11-06T18:32:22.266Z] Accepted request GET /geo-test-c92e4/us-central1/testFun --> testFun
[debug] [2019-11-06T18:32:22.545Z] [runtime-status] Functions runtime initialized. {"cwd":"C:\\Users\\jeffd23\\apps\\geofirex\\integration\\functions","node_version":"10.16.0"}
[info] i  functions: Beginning execution of "testFun"
[debug] [2019-11-06T18:32:22.546Z] [runtime-status] Disabled runtime features: {"functions_config_helper":true,"network_filtering":true,"timeout":true,"memory_limiting":true,"admin_stubs":true} {}
[debug] [2019-11-06T18:32:22.548Z] [runtime-status] Resolved module firebase-admin {"declared":true,"installed":true,"version":"8.7.0","resolution":"C:\\Users\\jeffd23\\apps\\geofirex\\integration\\functions\\node_modules\\firebase-admin\\lib\\index.js"}
[debug] [2019-11-06T18:32:22.549Z] [runtime-status] Resolved module firebase-functions {"declared":true,"installed":true,"version":"3.3.0","resolution":"C:\\Users\\jeffd23\\apps\\geofirex\\integration\\functions\\node_modules\\firebase-functions\\lib\\index.js"}
[debug] [2019-11-06T18:32:22.550Z] [runtime-status] Resolved module firebase-functions {"declared":true,"installed":true,"version":"3.3.0","resolution":"C:\\Users\\jeffd23\\apps\\geofirex\\integration\\functions\\node_modules\\firebase-functions\\lib\\index.js"}
[info] >  GeoFireClient {
[info] >    app:
[info] >     FirebaseNamespace {
[info] >       __esModule: true,
[info] >       credential:
[info] >        { cert: [Function: cert],
[info] >          refreshToken: [Function: refreshToken],
[info] >          applicationDefault: [Function: applicationDefault] },
[info] >       SDK_VERSION: '8.7.0',
[info] >       Promise: [Function: Promise],
[info] >       INTERNAL:
[info] >        FirebaseNamespaceInternals {
[info] >          firebase_: [Circular],
[info] >          serviceFactories: {},
[info] >          apps_: [Object],
[info] >          appHooks_: {} },
[info] >       default: [Circular] } }
[debug] [2019-11-06T18:32:22.746Z] [runtime-status] Trigger "testFun" has been found, beginning invocation! {}
[debug] [2019-11-06T18:32:22.746Z] [runtime-status]  {"httpsTrigger":{},"name":"testFun","entryPoint":"testFun"}
[debug] [2019-11-06T18:32:22.746Z] [runtime-status] Running testFun in mode HTTPS {}
[debug] [2019-11-06T18:32:22.752Z] {"socketPath":"\\\\?\\pipe\\C:\\Users\\jeffd23\\apps\\geofirex\\integration\\functions\\38700"}
[debug] [2019-11-06T18:32:22.752Z] [functions] Runtime ready! Sending request! {"socketPath":"\\\\?\\pipe\\C:\\Users\\jeffd23\\apps\\geofirex\\integration\\functions\\38700"}
[debug] [2019-11-06T18:32:22.756Z] [runtime-status] Ephemeral server used! {}
[info] >  [object Object]
[debug] [2019-11-06T18:32:22.804Z] [runtime-status] Ephemeral server survived. {}
[info] i  functions: Finished "testFun" in ~1s
[debug] [2019-11-06T18:54:50.820Z] File C:\Users\jeffd23\apps\geofirex\integration\functions\index.js changed, reloading triggers
[debug] [2019-11-06T18:54:52.103Z] [runtime-status] Functions runtime initialized. {"cwd":"C:\\Users\\jeffd23\\apps\\geofirex\\integration\\functions","node_version":"10.16.0"}
[debug] [2019-11-06T18:54:52.103Z] [runtime-status] Disabled runtime features: {"functions_config_helper":true,"network_filtering":true,"timeout":true,"memory_limiting":true,"admin_stubs":true} {}
[debug] [2019-11-06T18:54:52.105Z] [runtime-status] Resolved module firebase-admin {"declared":true,"installed":true,"version":"8.7.0","resolution":"C:\\Users\\jeffd23\\apps\\geofirex\\integration\\functions\\node_modules\\firebase-admin\\lib\\index.js"}
[debug] [2019-11-06T18:54:52.106Z] [runtime-status] Resolved module firebase-functions {"declared":true,"installed":true,"version":"3.3.0","resolution":"C:\\Users\\jeffd23\\apps\\geofirex\\integration\\functions\\node_modules\\firebase-functions\\lib\\index.js"}
[debug] [2019-11-06T18:54:52.107Z] [runtime-status] Resolved module firebase-functions {"declared":true,"installed":true,"version":"3.3.0","resolution":"C:\\Users\\jeffd23\\apps\\geofirex\\integration\\functions\\node_modules\\firebase-functions\\lib\\index.js"}
[info] >  GeoFireClient {
[info] >    app:
[info] >     FirebaseNamespace {
[info] >       __esModule: true,
[info] >       credential:
[info] >        { cert: [Function: cert],
[info] >          refreshToken: [Function: refreshToken],
[info] >          applicationDefault: [Function: applicationDefault] },
[info] >       SDK_VERSION: '8.7.0',
[info] >       Promise: [Function: Promise],
[info] >       INTERNAL:
[info] >        FirebaseNamespaceInternals {
[info] >          firebase_: [Circular],
[info] >          serviceFactories: {},
[info] >          apps_: [Object],
[info] >          appHooks_: {} },
[info] >       default: [Circular] } }
[info] Shutting down...
[debug] [2019-11-06T19:31:59.772Z] ----------------------------------------------------------------------
[debug] [2019-11-06T19:31:59.774Z] Command:       C:\Program Files\nodejs\node.exe C:\Program Files\nodejs\node_modules\firebase-tools\lib\bin\firebase.js serve --only functions
[debug] [2019-11-06T19:31:59.774Z] CLI Version:   7.5.0
[debug] [2019-11-06T19:31:59.774Z] Platform:      win32
[debug] [2019-11-06T19:31:59.774Z] Node Version:  v10.16.0
[debug] [2019-11-06T19:31:59.774Z] Time:          Wed Nov 06 2019 12:31:59 GMT-0700 (Mountain Standard Time)
[debug] [2019-11-06T19:31:59.774Z] ----------------------------------------------------------------------
[debug] 
[debug] [2019-11-06T19:31:59.780Z] > command requires scopes: ["email","openid","https://www.googleapis.com/auth/cloudplatformprojects.readonly","https://www.googleapis.com/auth/firebase","https://www.googleapis.com/auth/cloud-platform"]
[debug] [2019-11-06T19:31:59.780Z] > authorizing via signed-in user
[debug] [2019-11-06T19:31:59.780Z] [iam] checking project geo-test-c92e4 for permissions ["firebase.projects.get"]
[debug] [2019-11-06T19:31:59.781Z] > refreshing access token with scopes: ["email","https://www.googleapis.com/auth/cloud-platform","https://www.googleapis.com/auth/cloudplatformprojects.readonly","https://www.googleapis.com/auth/firebase","openid"]
[debug] [2019-11-06T19:31:59.782Z] >>> HTTP REQUEST POST https://www.googleapis.com/oauth2/v3/token  
 <request body omitted>
[debug] [2019-11-06T19:31:59.995Z] <<< HTTP RESPONSE 200
[debug] [2019-11-06T19:32:00.007Z] >>> HTTP REQUEST POST https://cloudresourcemanager.googleapis.com/v1/projects/geo-test-c92e4:testIamPermissions  

[debug] [2019-11-06T20:11:28.954Z] ----------------------------------------------------------------------
[debug] [2019-11-06T20:11:28.956Z] Command:       C:\Program Files\nodejs\node.exe C:\Program Files\nodejs\node_modules\firebase-tools\lib\bin\firebase.js serve --only functions
[debug] [2019-11-06T20:11:28.956Z] CLI Version:   7.5.0
[debug] [2019-11-06T20:11:28.956Z] Platform:      win32
[debug] [2019-11-06T20:11:28.956Z] Node Version:  v10.16.0
[debug] [2019-11-06T20:11:28.957Z] Time:          Wed Nov 06 2019 13:11:28 GMT-0700 (Mountain Standard Time)
[debug] [2019-11-06T20:11:28.957Z] ----------------------------------------------------------------------
[debug] 
[debug] [2019-11-06T20:11:28.962Z] > command requires scopes: ["email","openid","https://www.googleapis.com/auth/cloudplatformprojects.readonly","https://www.googleapis.com/auth/firebase","https://www.googleapis.com/auth/cloud-platform"]
[debug] [2019-11-06T20:11:28.962Z] > authorizing via signed-in user
[debug] [2019-11-06T20:11:28.962Z] [iam] checking project geo-test-c92e4 for permissions ["firebase.projects.get"]
[debug] [2019-11-06T20:11:28.963Z] >>> HTTP REQUEST POST https://cloudresourcemanager.googleapis.com/v1/projects/geo-test-c92e4:testIamPermissions  

[debug] [2019-11-06T20:11:29.397Z] <<< HTTP RESPONSE 200
[debug] [2019-11-06T20:11:29.402Z] >>> HTTP REQUEST GET https://firebase.googleapis.com/v1beta1/projects/geo-test-c92e4  
 
[debug] [2019-11-06T20:11:29.739Z] <<< HTTP RESPONSE 200
[warn] !  Your functions directory does not specify a Node version.
   - Learn more at https://firebase.google.com/docs/functions/manage-functions#set_runtime_options
[info] +  functions: Emulator started at http://localhost:5000
[info] i  functions: Watching "C:\Users\jeffd23\apps\geofirex\integration\functions" for Cloud Functions...
[debug] [2019-11-06T20:11:32.581Z] [runtime-status] Functions runtime initialized. {"cwd":"C:\\Users\\jeffd23\\apps\\geofirex\\integration\\functions","node_version":"10.16.0"}
[debug] [2019-11-06T20:11:32.581Z] [runtime-status] Disabled runtime features: {"functions_config_helper":true,"network_filtering":true,"timeout":true,"memory_limiting":true,"admin_stubs":true} {}
[debug] [2019-11-06T20:11:32.583Z] [runtime-status] Resolved module firebase-admin {"declared":true,"installed":true,"version":"8.7.0","resolution":"C:\\Users\\jeffd23\\apps\\geofirex\\integration\\functions\\node_modules\\firebase-admin\\lib\\index.js"}
[debug] [2019-11-06T20:11:32.584Z] [runtime-status] Resolved module firebase-functions {"declared":true,"installed":true,"version":"3.3.0","resolution":"C:\\Users\\jeffd23\\apps\\geofirex\\integration\\functions\\node_modules\\firebase-functions\\lib\\index.js"}
[debug] [2019-11-06T20:11:32.585Z] [runtime-status] Resolved module firebase-functions {"declared":true,"installed":true,"version":"3.3.0","resolution":"C:\\Users\\jeffd23\\apps\\geofirex\\integration\\functions\\node_modules\\firebase-functions\\lib\\index.js"}
[info] >  GeoFireClient {
[info] >    app:
[info] >     FirebaseNamespace {
[info] >       __esModule: true,
[info] >       credential:
[info] >        { cert: [Function: cert],
[info] >          refreshToken: [Function: refreshToken],
[info] >          applicationDefault: [Function: applicationDefault] },
[info] >       SDK_VERSION: '8.7.0',
[info] >       Promise: [Function: Promise],
[info] >       INTERNAL:
[info] >        FirebaseNamespaceInternals {
[info] >          firebase_: [Circular],
[info] >          serviceFactories: {},
[info] >          apps_: [Object],
[info] >          appHooks_: {} },
[info] >       default: [Circular] } }
[info] +  functions[testFun]: http function initialized (http://localhost:5000/geo-test-c92e4/us-central1/testFun).
[debug] [2019-11-06T20:11:51.153Z] Accepted request GET /geo-test-c92e4/us-central1/testFun --> testFun
[debug] [2019-11-06T20:11:51.426Z] [runtime-status] Functions runtime initialized. {"cwd":"C:\\Users\\jeffd23\\apps\\geofirex\\integration\\functions","node_version":"10.16.0"}
[info] i  functions: Beginning execution of "testFun"
[debug] [2019-11-06T20:11:51.428Z] [runtime-status] Disabled runtime features: {"functions_config_helper":true,"network_filtering":true,"timeout":true,"memory_limiting":true,"admin_stubs":true} {}
[debug] [2019-11-06T20:11:51.429Z] [runtime-status] Resolved module firebase-admin {"declared":true,"installed":true,"version":"8.7.0","resolution":"C:\\Users\\jeffd23\\apps\\geofirex\\integration\\functions\\node_modules\\firebase-admin\\lib\\index.js"}
[debug] [2019-11-06T20:11:51.430Z] [runtime-status] Resolved module firebase-functions {"declared":true,"installed":true,"version":"3.3.0","resolution":"C:\\Users\\jeffd23\\apps\\geofirex\\integration\\functions\\node_modules\\firebase-functions\\lib\\index.js"}
[debug] [2019-11-06T20:11:51.431Z] [runtime-status] Resolved module firebase-functions {"declared":true,"installed":true,"version":"3.3.0","resolution":"C:\\Users\\jeffd23\\apps\\geofirex\\integration\\functions\\node_modules\\firebase-functions\\lib\\index.js"}
[info] >  GeoFireClient {
[info] >    app:
[info] >     FirebaseNamespace {
[info] >       __esModule: true,
[info] >       credential:
[info] >        { cert: [Function: cert],
[info] >          refreshToken: [Function: refreshToken],
[info] >          applicationDefault: [Function: applicationDefault] },
[info] >       SDK_VERSION: '8.7.0',
[info] >       Promise: [Function: Promise],
[info] >       INTERNAL:
[info] >        FirebaseNamespaceInternals {
[info] >          firebase_: [Circular],
[info] >          serviceFactories: {},
[info] >          apps_: [Object],
[info] >          appHooks_: {} },
[info] >       default: [Circular] } }
[debug] [2019-11-06T20:11:51.634Z] [runtime-status] Trigger "testFun" has been found, beginning invocation! {}
[debug] [2019-11-06T20:11:51.634Z] [runtime-status]  {"httpsTrigger":{},"name":"testFun","entryPoint":"testFun"}
[debug] [2019-11-06T20:11:51.634Z] [runtime-status] Running testFun in mode HTTPS {}
[debug] [2019-11-06T20:11:51.639Z] {"socketPath":"\\\\?\\pipe\\C:\\Users\\jeffd23\\apps\\geofirex\\integration\\functions\\38776"}
[debug] [2019-11-06T20:11:51.641Z] [functions] Runtime ready! Sending request! {"socketPath":"\\\\?\\pipe\\C:\\Users\\jeffd23\\apps\\geofirex\\integration\\functions\\38776"}
[debug] [2019-11-06T20:11:51.645Z] [runtime-status] Ephemeral server used! {}
[info] >  [object Object]
[debug] [2019-11-06T20:11:52.027Z] [runtime-status] Ephemeral server survived. {}
[info] i  functions: Finished "testFun" in ~1s
[info] Shutting down...
[debug] [2019-11-07T04:01:12.571Z] ----------------------------------------------------------------------
[debug] [2019-11-07T04:01:12.573Z] Command:       C:\Program Files\nodejs\node.exe C:\Program Files\nodejs\node_modules\firebase-tools\lib\bin\firebase.js serve --only functions
[debug] [2019-11-07T04:01:12.573Z] CLI Version:   7.5.0
[debug] [2019-11-07T04:01:12.573Z] Platform:      win32
[debug] [2019-11-07T04:01:12.573Z] Node Version:  v10.16.0
[debug] [2019-11-07T04:01:12.574Z] Time:          Wed Nov 06 2019 21:01:12 GMT-0700 (Mountain Standard Time)
[debug] [2019-11-07T04:01:12.574Z] ----------------------------------------------------------------------
[debug] 
[debug] [2019-11-07T04:01:12.600Z] > command requires scopes: ["email","openid","https://www.googleapis.com/auth/cloudplatformprojects.readonly","https://www.googleapis.com/auth/firebase","https://www.googleapis.com/auth/cloud-platform"]
[debug] [2019-11-07T04:01:12.600Z] > authorizing via signed-in user
[debug] [2019-11-07T04:01:12.600Z] [iam] checking project geo-test-c92e4 for permissions ["firebase.projects.get"]
[debug] [2019-11-07T04:01:12.601Z] > refreshing access token with scopes: ["email","https://www.googleapis.com/auth/cloud-platform","https://www.googleapis.com/auth/cloudplatformprojects.readonly","https://www.googleapis.com/auth/firebase","openid"]
[debug] [2019-11-07T04:01:12.602Z] >>> HTTP REQUEST POST https://www.googleapis.com/oauth2/v3/token  
 <request body omitted>
[debug] [2019-11-07T04:01:12.847Z] <<< HTTP RESPONSE 200
[debug] [2019-11-07T04:01:12.856Z] >>> HTTP REQUEST POST https://cloudresourcemanager.googleapis.com/v1/projects/geo-test-c92e4:testIamPermissions  

[debug] [2019-11-07T04:01:13.276Z] <<< HTTP RESPONSE 200
[debug] [2019-11-07T04:01:13.279Z] >>> HTTP REQUEST GET https://firebase.googleapis.com/v1beta1/projects/geo-test-c92e4  
 
[debug] [2019-11-07T04:01:13.580Z] <<< HTTP RESPONSE 200
[warn] !  Your functions directory does not specify a Node version.
   - Learn more at https://firebase.google.com/docs/functions/manage-functions#set_runtime_options
[info] +  functions: Emulator started at http://localhost:5000
[info] i  functions: Watching "C:\Users\jeffd23\apps\geofirex\integration\functions" for Cloud Functions...
[debug] [2019-11-07T04:01:16.402Z] [runtime-status] Functions runtime initialized. {"cwd":"C:\\Users\\jeffd23\\apps\\geofirex\\integration\\functions","node_version":"10.16.0"}
[debug] [2019-11-07T04:01:16.403Z] [runtime-status] Disabled runtime features: {"functions_config_helper":true,"network_filtering":true,"timeout":true,"memory_limiting":true,"admin_stubs":true} {}
[debug] [2019-11-07T04:01:16.408Z] [runtime-status] Resolved module firebase-admin {"declared":true,"installed":true,"version":"8.7.0","resolution":"C:\\Users\\jeffd23\\apps\\geofirex\\integration\\functions\\node_modules\\firebase-admin\\lib\\index.js"}
[debug] [2019-11-07T04:01:16.414Z] [runtime-status] Resolved module firebase-functions {"declared":true,"installed":true,"version":"3.3.0","resolution":"C:\\Users\\jeffd23\\apps\\geofirex\\integration\\functions\\node_modules\\firebase-functions\\lib\\index.js"}
[debug] [2019-11-07T04:01:16.415Z] [runtime-status] Resolved module firebase-functions {"declared":true,"installed":true,"version":"3.3.0","resolution":"C:\\Users\\jeffd23\\apps\\geofirex\\integration\\functions\\node_modules\\firebase-functions\\lib\\index.js"}
[info] >  GeoFireClient {
[info] >    app:
[info] >     FirebaseNamespace {
[info] >       __esModule: true,
[info] >       credential:
[info] >        { cert: [Function: cert],
[info] >          refreshToken: [Function: refreshToken],
[info] >          applicationDefault: [Function: applicationDefault] },
[info] >       SDK_VERSION: '8.7.0',
[info] >       Promise: [Function: Promise],
[info] >       INTERNAL:
[info] >        FirebaseNamespaceInternals {
[info] >          firebase_: [Circular],
[info] >          serviceFactories: {},
[info] >          apps_: [Object],
[info] >          appHooks_: {} },
[info] >       default: [Circular] } }
[info] +  functions[testFun]: http function initialized (http://localhost:5000/geo-test-c92e4/us-central1/testFun).
